/home/spotter5/.conda/envs/xgboost_gpu/lib/python3.9/site-packages/sklearn/metrics/_regression.py:1211: UndefinedMetricWarning: R^2 score is not well-defined with less than two samples.
  warnings.warn(msg, UndefinedMetricWarning)
/home/spotter5/.conda/envs/xgboost_gpu/lib/python3.9/site-packages/sklearn/metrics/_regression.py:1211: UndefinedMetricWarning: R^2 score is not well-defined with less than two samples.
  warnings.warn(msg, UndefinedMetricWarning)
/home/spotter5/.conda/envs/xgboost_gpu/lib/python3.9/site-packages/sklearn/metrics/_regression.py:1211: UndefinedMetricWarning: R^2 score is not well-defined with less than two samples.
  warnings.warn(msg, UndefinedMetricWarning)
/home/spotter5/.conda/envs/xgboost_gpu/lib/python3.9/site-packages/sklearn/metrics/_regression.py:1211: UndefinedMetricWarning: R^2 score is not well-defined with less than two samples.
  warnings.warn(msg, UndefinedMetricWarning)
/home/spotter5/.conda/envs/xgboost_gpu/lib/python3.9/site-packages/sklearn/metrics/_regression.py:1211: UndefinedMetricWarning: R^2 score is not well-defined with less than two samples.
  warnings.warn(msg, UndefinedMetricWarning)
/home/spotter5/.conda/envs/xgboost_gpu/lib/python3.9/site-packages/sklearn/metrics/_regression.py:1211: UndefinedMetricWarning: R^2 score is not well-defined with less than two samples.
  warnings.warn(msg, UndefinedMetricWarning)

==================================================
RUNNING ANALYSIS (NO LAND COVER) FOR: GPP
==================================================
--- Processing Target (no land cover): GPP ---
  Processing site: Fyodorovskoye_RU-Fyo_tower...
  Processing site: Saskatchewan - Western Boreal, Mature Aspen_CA-Oas_tower...
  Processing site: Hyytiala_FI-Hyy_tower...
  Processing site: Manitoba - Northern Old Black Spruce (former BOREAS Northern Study Area)_CA-Man_tower...
  Processing site: Saskatchewan - Western Boreal, Mature Black Spruce_CA-Obs_tower...
  Processing site: Kaamanen_FI-Kaa_tower...
  Processing site: Neleger larch forest_RU-NeF_tower...
  Processing site: Nelegel_RU-Nel_tower...
  Processing site: Neleger Burnt Forest_RU-NeB_tower...
  Processing site: Central Marsh_US-Cms_tower...
  Processing site: Zotino; Central Siberia_RU-Zfw 2_tower...
  Processing site: Degero_SE-Deg_tower...
  Processing site: Flakaliden_SE-Fla_tower...
  Processing site: Neleger Cutover_RU-NeC_tower...
  Processing site: Sodankyla_FI-Sod_tower...
  Processing site: Saskatchewan - Western Boreal, forest burned in 1989_CA-SF2_tower...
  Processing site: UCI-1930 burn site_CA-NS2_tower...
  Processing site: UCI-1964 burn site_CA-NS3_tower...
  Processing site: UCI-1981 burn site_CA-NS5_tower...
  Processing site: UCI-1989 burn site_CA-NS6_tower...
  Processing site: Samoylov Island_RU-Sam_tower...
  Processing site: UCI-1998 burn site_CA-NS7_tower...
  Processing site: Zotino_RU-Zot_tower...
  Processing site: UCI-1850 burn site_CA-NS1_tower...
  Processing site: Hakasia Steppe_RU-Ha1_tower...
  Processing site: Saskatchewan - Western Boreal, forest burned in 1998_CA-SF3_tower...
  Processing site: UCI-1964 burn site wet_CA-NS4_tower...
  Processing site: Kherlenbayan Ulaan_MN-Kbu_tower...
  Processing site: Southern Khentei Taiga_MN-Skt_tower...
  Processing site: University of Alaska, Fairbanks_US-Uaf_tower...
  Processing site: Atqasuk_US-Atq_tower...
  Processing site: Kytalyk, Russia_RU-Cok_tower...
  Processing site: Ontario - Groundhog River, Boreal Mixedwood Forest_CA-Gro_tower...
  Processing site: Saskatchewan - Western Boreal, forest burned in 1977_CA-SF1_tower...
  Processing site: Alberta - Western Peatland - LaBiche River,Black Spruce,Larch Fen_CA-WP1_tower...
  Processing site: Quebec - Eastern Boreal, Mature Black Spruce_CA-Qfo_tower...
  Processing site: Saskatchewan - Western Boreal, Jack Pine harvested in 1975_CA-SJ3_tower...
  Processing site: Skyttorp 2_SE-Sk2_tower...
  Processing site: HJP02 Jack Pine_CA-HJP02_tower...
  Processing site: Saskatchewan - Western Boreal, Jack Pine harvested in 2002_CA-SJ2_tower...
  Processing site: HJP75 Jack Pine_CA-HJP75_tower...
  Processing site: HJP94 Jack Pine_CA-HJP94_tower...
  Processing site: Yakutsk Spasskaya Pad Pine_RU-Sk2_tower...
  Processing site: Yakutsk Spasskaya Pad larch_RU-SkP_tower...
  Processing site: Alberta - Western Peatland - Poor Fen (Sphagnum moss)_CA-WP2_tower...
  Processing site: Alberta - Western Peatland - Rich Fen  (Carex)_CA-WP3_tower...
  Processing site: Ivotuk_US-Ivo_tower...
  Processing site: Daring Lake_CA-DL1_tower...
  Processing site: Saskatchewan - Western Boreal, Mature Jack Pine_CA-Ojp_tower...
  Processing site: Skyttorp 1_SE-Sk1_tower...
  Processing site: Salmisuo_FI-Salm_tower...
  Processing site: Churchill Fen Site 1_CA-CF1_tower...
  Processing site: Imnavait Creek Watershed Tussock Tundra_US-ICt_tower...
  Processing site: Imnavait Creek Watershed Heath Tundra_US-ICh_tower...
  Processing site: Imnavait Creek Watershed Wet Sedge Tundra_US-ICs_tower...
  Processing site: Quebec - 1975 Harvested Black Spruce_CA-Qc2_tower...
  Processing site: Anaktuvuk River Moderate Burn_US-An2_tower...
  Processing site: Anaktuvuk River Severe Burn_US-An1_tower...
  Processing site: Anaktuvuk River Unburned_US-An3_tower...
  Processing site: Eight Mile Lake_US-EML_tower...
  Processing site: Lac Le Caron peatland, an ombrotrophic bog_CA-LLC_tower...
  Processing site: Nuuk Fen_GL-NuF_tower...
  Processing site: Rylekaerene_tower...
  Processing site: Seida_RU-Vrk_tower...
  Processing site: Zackenberg Fen_GL-ZaF_tower...
  Processing site: Andoya_NO-And_tower...
  Processing site: Bayelva, Spitsbergen_SJ-Blv_tower...
  Processing site: Iqaluit_CA-Iqa_tower...
  Processing site: Pond Inlet_CA-Pin_tower...
  Processing site: Poker Flat Research Range: Succession from fire scar to deciduous forest_US-Rpf_tower...
  Processing site: Lake Hazen, Ellesmere Island_CA-LHazen1-semidesert_tower...
  Processing site: Samoylov Island_RU-Sam (open)_tower...
  Processing site: Lettosuo_FI-Let_tower...
  Processing site: Elgeeii forest station_RU-Ege_tower...
  Processing site: Siikaneva_FI-Sii_tower...
  Processing site: Udleg practice forest_MN-Udg_tower...
  Processing site: Bonanza Creek Black Spruce_US-BZS_tower...
  Processing site: Daring Lake_CA-DL3_tower...
  Processing site: Daring Lake_CA-DL4_tower...
  Processing site: Tiksi_RU-Tks_tower...
  Processing site: Samoylov Island_RU-Sam (closed)_tower...
  Processing site: Attawapiskat River Fen_CA-ARF_tower...
  Processing site: Bonanza Creek Thermokarst Bog_US-BZB_tower...
  Processing site: Poker Flat Research Range Black Spruce Forest_US-Prr_tower...
  Processing site: Attawapiskat River Bog_CA-ARB_tower...
  Processing site: Bonanza Creek Rich Fen_US-BZF_tower...
  Processing site: Cascaden Ridge Fire Scar_US-Fcr_tower...
  Processing site: Lake Hazen, Ellesmere Island_CA-LHazen2-meadow wetland_tower...
  Processing site: Siikaneva2_FI-Si2_tower...
  Processing site: Adventdalen_SJ-Adv_tower...
  Processing site: Tervalamminsuo_Dry_tower...
  Processing site: Tervalamminsuo_Wet_tower...
  Processing site: Havikpak Creek_CA-HPC_tower...
  Processing site: Scotty Creek Landscape_CA-SCC_tower...
  Processing site: NGEE Arctic Barrow_US-NGB_tower...
  Processing site: Trail Valley Creek_CA-TVC_tower...
  Processing site: Cherskii reference_RU-Ch2_tower...
  Processing site: Barrow-BES_US-Bes_tower...
  Processing site: Norunda_SE-Nor_tower...
  Processing site: Varrio_FI-Var_tower...
  Processing site: Svartberget_SE-Svb_tower...
  Processing site: Scotty Creek Bog_CA-SCB_tower...
  Processing site: Barrow-BEO_US-Beo_tower...
  Processing site: Council, Alaska_US-KOC_tower...
  Processing site: Rosinedal-3_SE-Ros_tower...
  Processing site: Hustai grassland_MN-Hst_tower...
  Processing site: Nalaikh grassland_MN-Nkh_tower...
  Processing site: Bibai bog_JP-Bby_tower...
  Processing site: Fyodorovskoye2_RU-Fy2_tower...
  Processing site: Wolf_creek_Buckbrush_CA-WCBB_tower...
  Processing site: Wolf_creek_SparseShrub_CA-WCPLT_tower...
  Processing site: Wolf_creek_forest_CA-WCF_tower...
  Processing site: Smith Creek_CA-SMC_tower...
  Processing site: NGEE Arctic Council_US-NGC_tower...
  Processing site: Bonanza Creek Old Thermokarst Bog_US-BZo_tower...
  Processing site: NEON Healy (HEAL)_US-xHE_tower...
  Processing site: Bouleau peatland_CA-BOU_tower...
  Processing site: Bernard spruce-moss valley_tower...
  Processing site: NEON Delta Junction (DEJU)_US-xDJ_tower...
  Processing site: NEON Caribou Creek - Poker Flats Watershed (BONA)_US-xBN_tower...
  Processing site: NEON Barrow Environmental Observatory (BARR)_US-xBA_tower...
  Processing site: YKD (unburned)_US-YK2_tower...
  Processing site: YKD (burned)_US-YK1_tower...
  Processing site: Ranskalankorpi_FI-Ran forestry treatment_tower...
  Processing site: Ranskalankorpi_FI-Ran_tower...
  Processing site: Stortjarn_SE-Srj_tower...
  Processing site: Wolf_creek_upper_forest_CA-WCUF_tower...
  Processing site: Halmyran_SE-Hmr_tower...
  Processing site: Halsingfors mire_SE-HfM_tower...
  Processing site: Tombstone_slavin_CA-TWOSL_tower...
  Processing site: Disko_GL-Dsk_tower...
  Processing site: Lily Lake Fen_US-KPL_tower...
  Processing site: Abisko Stordalen birch forest_tower...
  Processing site: North Star Yedoma_US-NSY_tower...
  Processing site: Tura_RU-Tur_tower...
  Processing site: Mukhrino field station, Khanty-Mansiysk, Russia_RU-Muh_tower...
  Processing site: Plotnikovo field station, Tomsk, Rusia_RU-Plt_tower...
  Processing site: Stordalen Palsa Bog_SE-Sto_tower...
  Processing site: Cambridge Bay - Mesic_CB-mesic_tower...
  Processing site: Igarka_RU-Iga_tower...
  Processing site: Iqaluit Tundra_CA-IQ1_tower...
  Processing site: Churchill Fen 3_CA-CF3_tower...
  Processing site: Pitsalu_tower...
  Processing site: Mittimatalik (Pond Inlet) Tundra_CA-Mtk_tower...
  Processing site: Happy Valley_US-HVa_tower...
  Processing site: Happy Valley Wet Sedge Tundra_US-HVs_tower...
  Processing site: Sag River_US-Sag_tower...

  Results saved to: /explore/nobackup/people/spotter5/anna_v/v2/loocv_nolc/gpp/catboost_results_gpp_nolc.csv

  --- Pooled Metrics (NO land cover) for GPP ---
  Pooled R²: 0.7511, Pooled RMSE: 36.5706, Pooled MAE: 21.9199

  --- Summary Across Sites (NO land cover) for GPP ---
  Mean R²:   -0.6072, Median R²:   0.7296
  Mean RMSE: 31.0648, Median RMSE: 24.7497
  Mean MAE:  22.7392, Median MAE:  17.1399

  Generating and saving individual site plots...
  All site plots saved to: /explore/nobackup/people/spotter5/anna_v/v2/loocv_nolc/gpp/figures
  Pooled Observed vs Predicted plot saved to: /explore/nobackup/people/spotter5/anna_v/v2/loocv_nolc/gpp/figures/catboost_gpp_obs_vs_pred_all_sites_cat.png

  Training and saving final model on all data (NO land cover)...
  Final model saved to: /explore/nobackup/people/spotter5/anna_v/v2/models_nolc/gpp_nolc.json

==================================================
COMPLETED ANALYSIS (NO LAND COVER) FOR: GPP
==================================================

==================================================
RUNNING ANALYSIS (NO LAND COVER) FOR: NEE
==================================================
--- Processing Target (no land cover): NEE ---
  Processing site: Fyodorovskoye_RU-Fyo_tower...
  Processing site: Saskatchewan - Western Boreal, Mature Aspen_CA-Oas_tower...
  Processing site: Hyytiala_FI-Hyy_tower...
  Processing site: Manitoba - Northern Old Black Spruce (former BOREAS Northern Study Area)_CA-Man_tower...
  Processing site: Saskatchewan - Western Boreal, Mature Black Spruce_CA-Obs_tower...
  Processing site: Kaamanen_FI-Kaa_tower...
  Processing site: Nelegel_RU-Nel_tower...
  Processing site: Neleger Burnt Forest_RU-NeB_tower...
  Processing site: Neleger larch forest_RU-NeF_tower...
  Processing site: Central Marsh_US-Cms_tower...
  Processing site: Zotino; Central Siberia_RU-Zfw 2_tower...
  Processing site: Degero_SE-Deg_tower...
  Processing site: Flakaliden_SE-Fla_tower...
  Processing site: Sodankyla_FI-Sod_tower...
  Processing site: Neleger Cutover_RU-NeC_tower...
  Processing site: Saskatchewan - Western Boreal, forest burned in 1998_CA-SF3_tower...
  Processing site: Saskatchewan - Western Boreal, forest burned in 1989_CA-SF2_tower...
  Processing site: UCI-1930 burn site_CA-NS2_tower...
  Processing site: UCI-1964 burn site_CA-NS3_tower...
  Processing site: UCI-1981 burn site_CA-NS5_tower...
  Processing site: UCI-1989 burn site_CA-NS6_tower...
  Processing site: Delta Junction deciduous broadleaf forest_US-Bn1_tower...
  Processing site: Samoylov Island_RU-Sam_tower...
  Processing site: UCI-1998 burn site_CA-NS7_tower...
  Processing site: Zotino_RU-Zot_tower...
  Processing site: UCI-1850 burn site_CA-NS1_tower...
  Processing site: Hakasia 5yr_RU-Ha2_tower...
  Processing site: Hakasia Steppe_RU-Ha1_tower...
  Processing site: UCI-1964 burn site wet_CA-NS4_tower...
  Processing site: Delta Junction  evergreen conifer forest_US-Bn2_tower...
  Processing site: Kherlenbayan Ulaan_MN-Kbu_tower...
  Processing site: Southern Khentei Taiga_MN-Skt_tower...
  Processing site: University of Alaska, Fairbanks_US-Uaf_tower...
  Processing site: Kytalyk, Russia_RU-Cok_tower...
  Processing site: Ontario - Groundhog River, Boreal Mixedwood Forest_CA-Gro_tower...
  Processing site: Saskatchewan - Western Boreal, forest burned in 1977_CA-SF1_tower...
  Processing site: Alberta - Western Peatland - LaBiche River,Black Spruce,Larch Fen_CA-WP1_tower...
  Processing site: Quebec - Eastern Boreal, Mature Black Spruce_CA-Qfo_tower...
  Processing site: Saskatchewan - Western Boreal, Jack Pine harvested in 1975_CA-SJ3_tower...
  Processing site: Skyttorp 2_SE-Sk2_tower...
  Processing site: HJP02 Jack Pine_CA-HJP02_tower...
  Processing site: HJP94 Jack Pine_CA-HJP94_tower...
  Processing site: Saskatchewan - Western Boreal, Jack Pine harvested in 2002_CA-SJ2_tower...
  Processing site: Saskatchewan - Western Boreal, Mature Jack Pine_CA-Ojp_tower...
  Processing site: Hakasia 10 yr_RU-Ha3_tower...
  Processing site: Alberta - Western Peatland - Poor Fen (Sphagnum moss)_CA-WP2_tower...
  Processing site: Alberta - Western Peatland - Rich Fen  (Carex)_CA-WP3_tower...
  Processing site: HJP75 Jack Pine_CA-HJP75_tower...
  Processing site: Ivotuk_US-Ivo_tower...
  Processing site: Yakutsk Spasskaya Pad Pine_RU-Sk2_tower...
  Processing site: Yakutsk Spasskaya Pad larch_RU-SkP_tower...
  Processing site: Atqasuk_US-Atq_tower...
  Processing site: Daring Lake_CA-DL1_tower...
  Processing site: Skyttorp 1_SE-Sk1_tower...
  Processing site: Barrow-BES_US-Bes_tower...
  Processing site: Faejemyr_SE-Faj_tower...
  Processing site: Knottasen_SE-Kno_tower...
  Processing site: Kalevansuo_FI-Kns_tower...
  Processing site: Salmisuo_FI-Salm_tower...
  Processing site: Churchill Fen Site 1_CA-CF1_tower...
  Processing site: Imnavait Creek Watershed Tussock Tundra_US-ICt_tower...
  Processing site: Imnavait Creek Watershed Heath Tundra_US-ICh_tower...
  Processing site: Imnavait Creek Watershed Wet Sedge Tundra_US-ICs_tower...
  Processing site: Quebec - 1975 Harvested Black Spruce_CA-Qc2_tower...
  Processing site: Eight Mile Lake_US-EML_tower...
  Processing site: Lac Le Caron peatland, an ombrotrophic bog_CA-LLC_tower...
  Processing site: Anaktuvuk River Moderate Burn_US-An2_tower...
  Processing site: Anaktuvuk River Severe Burn_US-An1_tower...
  Processing site: Anaktuvuk River Unburned_US-An3_tower...
  Processing site: Cape Bounty_CA-CB_tower...
  Processing site: Nuuk Fen_GL-NuF_tower...
  Processing site: Rylekaerene_tower...
  Processing site: Seida_RU-Vrk_tower...
  Processing site: Zackenberg Fen_GL-ZaF_tower...
  Processing site: Andoya_NO-And_tower...
  Processing site: Bayelva, Spitsbergen_SJ-Blv_tower...
  Processing site: Iqaluit_CA-Iqa_tower...
  Processing site: Pond Inlet_CA-Pin_tower...
  Processing site: Poker Flat Research Range: Succession from fire scar to deciduous forest_US-Rpf_tower...
  Processing site: Lake Hazen, Ellesmere Island_CA-LHazen1-semidesert_tower...
  Processing site: Samoylov Island_RU-Sam (open)_tower...
  Processing site: Lettosuo_FI-Let_tower...
  Processing site: Siikaneva_FI-Sii_tower...
  Processing site: Udleg practice forest_MN-Udg_tower...
  Processing site: Daring Lake_CA-DL3_tower...
  Processing site: Elgeeii forest station_RU-Ege_tower...
  Processing site: Bonanza Creek Black Spruce_US-BZS_tower...
  Processing site: Daring Lake_CA-DL4_tower...
  Processing site: Tiksi_RU-Tks_tower...
  Processing site: Samoylov Island_RU-Sam (closed)_tower...
  Processing site: Attawapiskat River Fen_CA-ARF_tower...
  Processing site: Bonanza Creek Thermokarst Bog_US-BZB_tower...
  Processing site: Poker Flat Research Range Black Spruce Forest_US-Prr_tower...
  Processing site: Attawapiskat River Bog_CA-ARB_tower...
  Processing site: Bonanza Creek Rich Fen_US-BZF_tower...
  Processing site: Cascaden Ridge Fire Scar_US-Fcr_tower...
  Processing site: Lake Hazen, Ellesmere Island_CA-LHazen2-meadow wetland_tower...
  Processing site: Siikaneva2_FI-Si2_tower...
  Processing site: Cherskii ecotone_RU-Eusk_cher1_tower...
  Processing site: Kenttarova_FI-Ken_tower...
  Processing site: Lompolojankka_FI-Lom_tower...
  Processing site: Sammaltunturi fell_FI-SamFell_tower...
  Processing site: ARM-NSA-Barrow_US-A10_tower...
  Processing site: Adventdalen_SJ-Adv_tower...
  Processing site: Stordalen Fen_SE-St1_tower...
  Processing site: Tervalamminsuo_Dry_tower...
  Processing site: Tervalamminsuo_Wet_tower...
  Processing site: NGEE Arctic Barrow_US-NGB_tower...
  Processing site: Cherskii disturbed forest_RU-Eusk_cher2_tower...
/home/spotter5/.conda/envs/xgboost_gpu/lib/python3.9/site-packages/sklearn/metrics/_regression.py:1211: UndefinedMetricWarning: R^2 score is not well-defined with less than two samples.
  warnings.warn(msg, UndefinedMetricWarning)
/home/spotter5/.conda/envs/xgboost_gpu/lib/python3.9/site-packages/sklearn/metrics/_regression.py:1211: UndefinedMetricWarning: R^2 score is not well-defined with less than two samples.
  warnings.warn(msg, UndefinedMetricWarning)
/home/spotter5/.conda/envs/xgboost_gpu/lib/python3.9/site-packages/sklearn/metrics/_regression.py:1211: UndefinedMetricWarning: R^2 score is not well-defined with less than two samples.
  warnings.warn(msg, UndefinedMetricWarning)
/home/spotter5/.conda/envs/xgboost_gpu/lib/python3.9/site-packages/sklearn/metrics/_regression.py:1211: UndefinedMetricWarning: R^2 score is not well-defined with less than two samples.
  warnings.warn(msg, UndefinedMetricWarning)
/home/spotter5/.conda/envs/xgboost_gpu/lib/python3.9/site-packages/sklearn/metrics/_regression.py:1211: UndefinedMetricWarning: R^2 score is not well-defined with less than two samples.
  warnings.warn(msg, UndefinedMetricWarning)
  Processing site: Disko_GL-Dsk_tower...
  Processing site: Havikpak Creek_CA-HPC_tower...
  Processing site: Scotty Creek Landscape_CA-SCC_tower...
  Processing site: ZOTTO Bog_RU-Zo1_tower...
  Processing site: ZOTTO Forest_RU-Zo2_tower...
  Processing site: Trail Valley Creek_CA-TVC_tower...
  Processing site: Cherskii reference_RU-Ch2_tower...
  Processing site: Flux Observations of Carbon from an Airborne Laboratory (FOCAL) Campaign Site 1_US-Fo1_tower...
  Processing site: Barrow-CMDL_US-Brw_tower...
  Processing site: Norunda_SE-Nor_tower...
  Processing site: Varrio_FI-Var_tower...
  Processing site: Svartberget_SE-Svb_tower...
  Processing site: Scotty Creek Bog_CA-SCB_tower...
  Processing site: Stordalen Palsa Bog_SE-Sto_tower...
  Processing site: Barrow-BEO_US-Beo_tower...
  Processing site: Council, Alaska_US-KOC_tower...
  Processing site: Rosinedal-3_SE-Ros_tower...
  Processing site: ARM-NSA-Oliktok_US-A03_tower...
  Processing site: Hyltemossa_SE-Htm_tower...
  Processing site: Bibai bog_JP-Bby_tower...
  Processing site: Fyodorovskoye2_RU-Fy2_tower...
  Processing site: Mukhrino_Mukhrino_RHC_tower...
  Processing site: Nalaikh grassland_MN-Nkh_tower...
  Processing site: Wolf_creek_Buckbrush_CA-WCBB_tower...
  Processing site: Wolf_creek_SparseShrub_CA-WCPLT_tower...
  Processing site: Hustai grassland_MN-Hst_tower...
  Processing site: Wolf_creek_forest_CA-WCF_tower...
  Processing site: Umiujaq_tower...
  Processing site: Fish Island_FI-NWT_tower...
  Processing site: Smith Creek_CA-SMC_tower...
  Processing site: NGEE Arctic Council_US-NGC_tower...
  Processing site: NEON Delta Junction (DEJU)_US-xDJ_tower...
  Processing site: Bonanza Creek Old Thermokarst Bog_US-BZo_tower...
  Processing site: NEON Caribou Creek - Poker Flats Watershed (BONA)_US-xBN_tower...
  Processing site: NEON Healy (HEAL)_US-xHE_tower...
  Processing site: Bouleau peatland_CA-BOU_tower...
  Processing site: Bernard spruce-moss valley_tower...
  Processing site: Iskoras_NO-Isk-fen_tower...
  Processing site: Iskoras_NO-Isk-palsa_tower...
  Processing site: Iskoras_NO-Isk_tower...
  Processing site: Finse west_NO-Fns_tower...
  Processing site: NEON Barrow Environmental Observatory (BARR)_US-xBA_tower...
  Processing site: YKD (unburned)_US-YK2_tower...
  Processing site: YKD (burned)_US-YK1_tower...
  Processing site: Ranskalankorpi_FI-Ran forestry treatment_tower...
  Processing site: Ranskalankorpi_FI-Ran_tower...
  Processing site: Stortjarn_SE-Srj_tower...
  Processing site: Wolf_creek_upper_forest_CA-WCUF_tower...
  Processing site: Halmyran_SE-Hmr_tower...
  Processing site: Halsingfors mire_SE-HfM_tower...
  Processing site: Tombstone_slavin_CA-TWOSL_tower...
  Processing site: Steen River_CA-STR_tower...
  Processing site: Lily Lake Fen_US-KPL_tower...
  Processing site: Abisko Stordalen birch forest_tower...
  Processing site: North Star Yedoma_US-NSY_tower...
  Processing site: Tura_RU-Tur_tower...
  Processing site: Lutose_CA-LUT_tower...
  Processing site: Mukhrino field station, Khanty-Mansiysk, Russia_RU-Muh_tower...
  Processing site: Plotnikovo field station, Tomsk, Rusia_RU-Plt_tower...
  Processing site: Cambridge Bay - Mesic_CB-mesic_tower...
  Processing site: Igarka_RU-Iga_tower...
  Processing site: Iqaluit Tundra_CA-IQ1_tower...
  Processing site: Churchill Fen 3_CA-CF3_tower...
  Processing site: Pitsalu_tower...
  Processing site: Flux Observations of Carbon from an Airborne Laboratory (FOCAL) Campaign Site 2_US-Fo2_tower...
  Processing site: Mittimatalik (Pond Inlet) Tundra_CA-Mtk_tower...
  Processing site: Resolute Bay Polar Desert_CA-RSB_tower...
  Processing site: Council Alaska Tundra_US-CAK_tower...
  Processing site: Zotino; Central Siberia_RU-Zfw 1_tower...
  Processing site: Gunnarsholt_IS-Gun_tower...
  Processing site: Happy Valley_US-HVa_tower...
  Processing site: Happy Valley Wet Sedge Tundra_US-HVs_tower...
  Processing site: Sag River_US-Sag_tower...
  Processing site: Zackenberg Heath_GL-ZaH_tower...

  Results saved to: /explore/nobackup/people/spotter5/anna_v/v2/loocv_nolc/nee/catboost_results_nee_nolc.csv

  --- Pooled Metrics (NO land cover) for NEE ---
  Pooled R²: 0.5144, Pooled RMSE: 21.6798, Pooled MAE: 14.0560

  --- Summary Across Sites (NO land cover) for NEE ---
  Mean R²:   -0.4319, Median R²:   0.5052
  Mean RMSE: 18.7626, Median RMSE: 15.5195
  Mean MAE:  14.6426, Median MAE:  12.1557

  Generating and saving individual site plots...
  All site plots saved to: /explore/nobackup/people/spotter5/anna_v/v2/loocv_nolc/nee/figures
  Pooled Observed vs Predicted plot saved to: /explore/nobackup/people/spotter5/anna_v/v2/loocv_nolc/nee/figures/catboost_nee_obs_vs_pred_all_sites_cat.png

  Training and saving final model on all data (NO land cover)...
  Final model saved to: /explore/nobackup/people/spotter5/anna_v/v2/models_nolc/nee_nolc.json

==================================================
COMPLETED ANALYSIS (NO LAND COVER) FOR: NEE
==================================================

==================================================
RUNNING ANALYSIS (NO LAND COVER) FOR: RECO
==================================================
--- Processing Target (no land cover): RECO ---
  Processing site: Fyodorovskoye_RU-Fyo_tower...
  Processing site: Saskatchewan - Western Boreal, Mature Aspen_CA-Oas_tower...
  Processing site: Hyytiala_FI-Hyy_tower...
  Processing site: Manitoba - Northern Old Black Spruce (former BOREAS Northern Study Area)_CA-Man_tower...
  Processing site: Saskatchewan - Western Boreal, Mature Black Spruce_CA-Obs_tower...
  Processing site: Kaamanen_FI-Kaa_tower...
  Processing site: Neleger Burnt Forest_RU-NeB_tower...
  Processing site: Neleger larch forest_RU-NeF_tower...
  Processing site: Nelegel_RU-Nel_tower...
  Processing site: Central Marsh_US-Cms_tower...
  Processing site: Zotino; Central Siberia_RU-Zfw 2_tower...
  Processing site: Degero_SE-Deg_tower...
  Processing site: Flakaliden_SE-Fla_tower...
  Processing site: Neleger Cutover_RU-NeC_tower...
  Processing site: Sodankyla_FI-Sod_tower...
  Processing site: Saskatchewan - Western Boreal, forest burned in 1989_CA-SF2_tower...
  Processing site: UCI-1930 burn site_CA-NS2_tower...
  Processing site: UCI-1964 burn site_CA-NS3_tower...
  Processing site: UCI-1981 burn site_CA-NS5_tower...
  Processing site: UCI-1989 burn site_CA-NS6_tower...
  Processing site: Samoylov Island_RU-Sam_tower...
  Processing site: UCI-1998 burn site_CA-NS7_tower...
  Processing site: Zotino_RU-Zot_tower...
  Processing site: UCI-1850 burn site_CA-NS1_tower...
  Processing site: Hakasia Steppe_RU-Ha1_tower...
  Processing site: Saskatchewan - Western Boreal, forest burned in 1998_CA-SF3_tower...
  Processing site: UCI-1964 burn site wet_CA-NS4_tower...
  Processing site: Kherlenbayan Ulaan_MN-Kbu_tower...
  Processing site: Southern Khentei Taiga_MN-Skt_tower...
  Processing site: University of Alaska, Fairbanks_US-Uaf_tower...
  Processing site: Atqasuk_US-Atq_tower...
  Processing site: Kytalyk, Russia_RU-Cok_tower...
  Processing site: Ontario - Groundhog River, Boreal Mixedwood Forest_CA-Gro_tower...
  Processing site: Saskatchewan - Western Boreal, forest burned in 1977_CA-SF1_tower...
  Processing site: Alberta - Western Peatland - LaBiche River,Black Spruce,Larch Fen_CA-WP1_tower...
  Processing site: Quebec - Eastern Boreal, Mature Black Spruce_CA-Qfo_tower...
  Processing site: Saskatchewan - Western Boreal, Jack Pine harvested in 1975_CA-SJ3_tower...
  Processing site: Skyttorp 2_SE-Sk2_tower...
  Processing site: HJP02 Jack Pine_CA-HJP02_tower...
  Processing site: HJP94 Jack Pine_CA-HJP94_tower...
  Processing site: Saskatchewan - Western Boreal, Jack Pine harvested in 2002_CA-SJ2_tower...
  Processing site: Saskatchewan - Western Boreal, Mature Jack Pine_CA-Ojp_tower...
  Processing site: Yakutsk Spasskaya Pad Pine_RU-Sk2_tower...
  Processing site: Yakutsk Spasskaya Pad larch_RU-SkP_tower...
  Processing site: Alberta - Western Peatland - Poor Fen (Sphagnum moss)_CA-WP2_tower...
  Processing site: Alberta - Western Peatland - Rich Fen  (Carex)_CA-WP3_tower...
  Processing site: HJP75 Jack Pine_CA-HJP75_tower...
  Processing site: Ivotuk_US-Ivo_tower...
  Processing site: Daring Lake_CA-DL1_tower...
  Processing site: Skyttorp 1_SE-Sk1_tower...
  Processing site: Salmisuo_FI-Salm_tower...
  Processing site: Churchill Fen Site 1_CA-CF1_tower...
  Processing site: Imnavait Creek Watershed Tussock Tundra_US-ICt_tower...
  Processing site: Imnavait Creek Watershed Heath Tundra_US-ICh_tower...
  Processing site: Imnavait Creek Watershed Wet Sedge Tundra_US-ICs_tower...
  Processing site: Quebec - 1975 Harvested Black Spruce_CA-Qc2_tower...
  Processing site: Eight Mile Lake_US-EML_tower...
  Processing site: Anaktuvuk River Moderate Burn_US-An2_tower...
  Processing site: Anaktuvuk River Severe Burn_US-An1_tower...
  Processing site: Anaktuvuk River Unburned_US-An3_tower...
  Processing site: Lac Le Caron peatland, an ombrotrophic bog_CA-LLC_tower...
  Processing site: Nuuk Fen_GL-NuF_tower...
  Processing site: Rylekaerene_tower...
  Processing site: Seida_RU-Vrk_tower...
  Processing site: Zackenberg Fen_GL-ZaF_tower...
  Processing site: Andoya_NO-And_tower...
  Processing site: Bayelva, Spitsbergen_SJ-Blv_tower...
  Processing site: Iqaluit_CA-Iqa_tower...
  Processing site: Pond Inlet_CA-Pin_tower...
  Processing site: Poker Flat Research Range: Succession from fire scar to deciduous forest_US-Rpf_tower...
  Processing site: Lake Hazen, Ellesmere Island_CA-LHazen1-semidesert_tower...
  Processing site: Samoylov Island_RU-Sam (open)_tower...
  Processing site: Lettosuo_FI-Let_tower...
  Processing site: Elgeeii forest station_RU-Ege_tower...
  Processing site: Siikaneva_FI-Sii_tower...
  Processing site: Udleg practice forest_MN-Udg_tower...
  Processing site: Daring Lake_CA-DL3_tower...
  Processing site: Bonanza Creek Black Spruce_US-BZS_tower...
  Processing site: Daring Lake_CA-DL4_tower...
  Processing site: Tiksi_RU-Tks_tower...
  Processing site: Samoylov Island_RU-Sam (closed)_tower...
  Processing site: Attawapiskat River Fen_CA-ARF_tower...
  Processing site: Bonanza Creek Thermokarst Bog_US-BZB_tower...
  Processing site: Poker Flat Research Range Black Spruce Forest_US-Prr_tower...
  Processing site: Attawapiskat River Bog_CA-ARB_tower...
  Processing site: Bonanza Creek Rich Fen_US-BZF_tower...
  Processing site: Cascaden Ridge Fire Scar_US-Fcr_tower...
  Processing site: Lake Hazen, Ellesmere Island_CA-LHazen2-meadow wetland_tower...
  Processing site: Siikaneva2_FI-Si2_tower...
  Processing site: Adventdalen_SJ-Adv_tower...
  Processing site: Tervalamminsuo_Dry_tower...
  Processing site: Tervalamminsuo_Wet_tower...
  Processing site: Barrow-BEO_US-Beo_tower...
  Processing site: Havikpak Creek_CA-HPC_tower...
  Processing site: Scotty Creek Landscape_CA-SCC_tower...
  Processing site: Barrow-BES_US-Bes_tower...
  Processing site: Trail Valley Creek_CA-TVC_tower...
  Processing site: Cherskii reference_RU-Ch2_tower...
  Processing site: NGEE Arctic Barrow_US-NGB_tower...
  Processing site: Norunda_SE-Nor_tower...
  Processing site: Varrio_FI-Var_tower...
  Processing site: Svartberget_SE-Svb_tower...
  Processing site: Scotty Creek Bog_CA-SCB_tower...
  Processing site: Stordalen Palsa Bog_SE-Sto_tower...
  Processing site: Council, Alaska_US-KOC_tower...
  Processing site: Rosinedal-3_SE-Ros_tower...
  Processing site: Hustai grassland_MN-Hst_tower...
  Processing site: Nalaikh grassland_MN-Nkh_tower...
  Processing site: Bibai bog_JP-Bby_tower...
  Processing site: Fyodorovskoye2_RU-Fy2_tower...
  Processing site: Wolf_creek_Buckbrush_CA-WCBB_tower...
  Processing site: Wolf_creek_SparseShrub_CA-WCPLT_tower...
  Processing site: Wolf_creek_forest_CA-WCF_tower...
  Processing site: Smith Creek_CA-SMC_tower...
  Processing site: NGEE Arctic Council_US-NGC_tower...
  Processing site: Bonanza Creek Old Thermokarst Bog_US-BZo_tower...
  Processing site: NEON Healy (HEAL)_US-xHE_tower...
  Processing site: Bouleau peatland_CA-BOU_tower...
  Processing site: Bernard spruce-moss valley_tower...
  Processing site: NEON Delta Junction (DEJU)_US-xDJ_tower...
  Processing site: NEON Caribou Creek - Poker Flats Watershed (BONA)_US-xBN_tower...
  Processing site: NEON Barrow Environmental Observatory (BARR)_US-xBA_tower...
  Processing site: YKD (unburned)_US-YK2_tower...
  Processing site: YKD (burned)_US-YK1_tower...
  Processing site: Ranskalankorpi_FI-Ran forestry treatment_tower...
  Processing site: Ranskalankorpi_FI-Ran_tower...
  Processing site: Stortjarn_SE-Srj_tower...
  Processing site: Wolf_creek_upper_forest_CA-WCUF_tower...
  Processing site: Halmyran_SE-Hmr_tower...
  Processing site: Halsingfors mire_SE-HfM_tower...
  Processing site: Tombstone_slavin_CA-TWOSL_tower...
  Processing site: Disko_GL-Dsk_tower...
  Processing site: Lily Lake Fen_US-KPL_tower...
  Processing site: Abisko Stordalen birch forest_tower...
  Processing site: North Star Yedoma_US-NSY_tower...
  Processing site: Tura_RU-Tur_tower...
  Processing site: Mukhrino field station, Khanty-Mansiysk, Russia_RU-Muh_tower...
  Processing site: Plotnikovo field station, Tomsk, Rusia_RU-Plt_tower...
  Processing site: Cambridge Bay - Mesic_CB-mesic_tower...
  Processing site: Igarka_RU-Iga_tower...
  Processing site: Iqaluit Tundra_CA-IQ1_tower...
  Processing site: Churchill Fen 3_CA-CF3_tower...
  Processing site: Pitsalu_tower...
  Processing site: Mittimatalik (Pond Inlet) Tundra_CA-Mtk_tower...
  Processing site: Happy Valley_US-HVa_tower...
  Processing site: Happy Valley Wet Sedge Tundra_US-HVs_tower...
  Processing site: Sag River_US-Sag_tower...

  Results saved to: /explore/nobackup/people/spotter5/anna_v/v2/loocv_nolc/reco/catboost_results_reco_nolc.csv

  --- Pooled Metrics (NO land cover) for RECO ---
  Pooled R²: 0.6775, Pooled RMSE: 32.4746, Pooled MAE: 20.2532

  --- Summary Across Sites (NO land cover) for RECO ---
  Mean R²:   -1.4905, Median R²:   0.4693
  Mean RMSE: 26.9944, Median RMSE: 22.4119
  Mean MAE:  20.3351, Median MAE:  16.2401

  Generating and saving individual site plots...
  All site plots saved to: /explore/nobackup/people/spotter5/anna_v/v2/loocv_nolc/reco/figures
  Pooled Observed vs Predicted plot saved to: /explore/nobackup/people/spotter5/anna_v/v2/loocv_nolc/reco/figures/catboost_reco_obs_vs_pred_all_sites_cat.png

  Training and saving final model on all data (NO land cover)...
  Final model saved to: /explore/nobackup/people/spotter5/anna_v/v2/models_nolc/reco_nolc.json

==================================================
COMPLETED ANALYSIS (NO LAND COVER) FOR: RECO
==================================================

==================================================
RUNNING ANALYSIS (NO LAND COVER) FOR: CH4_FLUX_TOTAL
==================================================
--- Processing Target (no land cover): CH4_FLUX_TOTAL ---
  Processing site: Central Marsh_US-Cms_tower...
  Processing site: Kytalyk, Russia_RU-Cok_tower...
  Processing site: Rylekaerene_tower...
  Processing site: Seida_RU-Vrk_tower...
  Processing site: Churchill Fen Site 2_CA-CF2_tower...
  Processing site: Siikaneva_FI-Sii_tower...
  Processing site: University of Alaska, Fairbanks_US-Uaf_tower...
  Processing site: Hyytiala_FI-Hyy_tower...
  Processing site: Siikaneva2_FI-Si2_tower...
  Processing site: Stordalen Fen_SE-St1_tower...
  Processing site: Scotty Creek Landscape_CA-SCC_tower...
  Processing site: NGEE Arctic Barrow_US-NGB_tower...
  Processing site: Trail Valley Creek_CA-TVC_tower...
  Processing site: Cherskii reference_RU-Ch2_tower...
  Processing site: Flux Observations of Carbon from an Airborne Laboratory (FOCAL) Campaign Site 1_US-Fo1_tower...
  Processing site: Ivotuk_US-Ivo_tower...
  Processing site: Barrow-BES_US-Bes_tower...
  Processing site: Atqasuk_US-Atq_tower...
  Processing site: Barrow-CMDL_US-Brw_tower...
  Processing site: Degero_SE-Deg_tower...
  Processing site: Bonanza Creek Rich Fen_US-BZF_tower...
  Processing site: Bonanza Creek Thermokarst Bog_US-BZB_tower...
  Processing site: Scotty Creek Bog_CA-SCB_tower...
  Processing site: Barrow-BEO_US-Beo_tower...
  Processing site: Imnavait Creek Watershed Wet Sedge Tundra_US-ICs_tower...
  Processing site: ARM-NSA-Barrow_US-A10_tower...
  Processing site: Stordalen Palsa Bog_SE-Sto_tower...
  Processing site: Bibai bog_JP-Bby_tower...
  Processing site: Bonanza Creek Black Spruce_US-BZS_tower...
  Processing site: Fyodorovskoye2_RU-Fy2_tower...
  Processing site: Eight Mile Lake_US-EML_tower...
  Processing site: Fish Island_FI-NWT_tower...
  Processing site: NGEE Arctic Council_US-NGC_tower...
  Processing site: Smith Creek_CA-SMC_tower...
  Processing site: Havikpak Creek_CA-HPC_tower...
  Processing site: Bouleau peatland_CA-BOU_tower...
  Processing site: Iskoras_NO-Isk-fen_tower...
  Processing site: Iskoras_NO-Isk-palsa_tower...
  Processing site: Iskoras_NO-Isk_tower...
  Processing site: YKD (unburned)_US-YK2_tower...
  Processing site: YKD (burned)_US-YK1_tower...
  Processing site: Stortjarn_SE-Srj_tower...
  Processing site: Halmyran_SE-Hmr_tower...
  Processing site: Halsingfors mire_SE-HfM_tower...
  Processing site: Lily Lake Fen_US-KPL_tower...
  Processing site: North Star Yedoma_US-NSY_tower...
  Processing site: Bernard spruce-moss valley_tower...
  Processing site: Churchill Fen 3_CA-CF3_tower...
  Processing site: Pitsalu_tower...
  Processing site: Flux Observations of Carbon from an Airborne Laboratory (FOCAL) Campaign Site 2_US-Fo2_tower...
  Processing site: Mittimatalik (Pond Inlet) Tundra_CA-Mtk_tower...
  Processing site: Council Alaska Tundra_US-CAK_tower...
  Processing site: Resolute Bay Polar Desert_CA-RSB_tower...
  Processing site: ARM-NSA-Oliktok_US-A03_tower...
  Processing site: Happy Valley_US-HVa_tower...
  Processing site: Sag River_US-Sag_tower...
  Processing site: Stordalen, Sweden_Stordalen_tower...

  Results saved to: /explore/nobackup/people/spotter5/anna_v/v2/loocv_nolc/ch4_flux_total/catboost_results_ch4_flux_total_nolc.csv

  --- Pooled Metrics (NO land cover) for CH4_FLUX_TOTAL ---
  Pooled R²: -0.0894, Pooled RMSE: 0.8205, Pooled MAE: 0.4807

  --- Summary Across Sites (NO land cover) for CH4_FLUX_TOTAL ---
  Mean R²:   -265.6170, Median R²:   -0.7104
  Mean RMSE: 0.6446, Median RMSE: 0.4633
  Mean MAE:  0.5201, Median MAE:  0.3379

  Generating and saving individual site plots...
  All site plots saved to: /explore/nobackup/people/spotter5/anna_v/v2/loocv_nolc/ch4_flux_total/figures
  Pooled Observed vs Predicted plot saved to: /explore/nobackup/people/spotter5/anna_v/v2/loocv_nolc/ch4_flux_total/figures/catboost_ch4_flux_total_obs_vs_pred_all_sites_cat.png

  Training and saving final model on all data (NO land cover)...
  Final model saved to: /explore/nobackup/people/spotter5/anna_v/v2/models_nolc/ch4_flux_total_nolc.json

==================================================
COMPLETED ANALYSIS (NO LAND COVER) FOR: CH4_FLUX_TOTAL
==================================================
